# JRE version: OpenJDK Runtime Environment (17.0+35) (build 17+35-2724)
# Java VM: OpenJDK 64-Bit Server VM (17+35-2724, mixed mode, sharing, tiered, compressed oops, compressed class ptrs, g1 gc, windows-amd64)
GC Precious Log:
 CPUs: 12 total, 12 available
 Memory: 15811M
 Large Page Support: Disabled
 NUMA Support: Disabled
 Compressed Oops: Enabled (Zero based)
 Heap Region Size: 2M
 Heap Min Capacity: 8M
 Heap Initial Capacity: 248M
 Heap Max Capacity: 3954M
 Pre-touch: Disabled
 Parallel Workers: 10
 Concurrent Workers: 3
 Concurrent Refinement Workers: 10
 Periodic GC: Disabled
Heap:
 garbage-first heap   total 253952K, used 49866K [0x0000000708e00000, 0x0000000800000000)
  region size 2048K, 24 young (49152K), 5 survivors (10240K)
 Metaspace       used 19542K, committed 19840K, reserved 1073152K
  class space    used 2230K, committed 2368K, reserved 1048576K
GC Heap History (6 events):
Event: 1.033 GC heap before
{Heap before GC invocations=0 (full 0):
 garbage-first heap   total 253952K, used 22528K [0x0000000708e00000, 0x0000000800000000)
  region size 2048K, 11 young (22528K), 0 survivors (0K)
 Metaspace       used 5747K, committed 5952K, reserved 1056768K
  class space    used 678K, committed 768K, reserved 1048576K
}
Event: 1.038 GC heap after
{Heap after GC invocations=1 (full 0):
 garbage-first heap   total 253952K, used 3995K [0x0000000708e00000, 0x0000000800000000)
  region size 2048K, 2 young (4096K), 2 survivors (4096K)
 Metaspace       used 5747K, committed 5952K, reserved 1056768K
  class space    used 678K, committed 768K, reserved 1048576K
}
Event: 1.871 GC heap before
{Heap before GC invocations=1 (full 0):
 garbage-first heap   total 253952K, used 32667K [0x0000000708e00000, 0x0000000800000000)
  region size 2048K, 16 young (32768K), 2 survivors (4096K)
 Metaspace       used 8447K, committed 8640K, reserved 1064960K
  class space    used 994K, committed 1088K, reserved 1048576K
}
Event: 1.879 GC heap after
{Heap after GC invocations=2 (full 0):
 garbage-first heap   total 253952K, used 5358K [0x0000000708e00000, 0x0000000800000000)
  region size 2048K, 1 young (2048K), 1 survivors (2048K)
 Metaspace       used 8447K, committed 8640K, reserved 1064960K
  class space    used 994K, committed 1088K, reserved 1048576K
}
Event: 4.742 GC heap before
{Heap before GC invocations=2 (full 0):
 garbage-first heap   total 253952K, used 97518K [0x0000000708e00000, 0x0000000800000000)
  region size 2048K, 46 young (94208K), 1 survivors (2048K)
 Metaspace       used 16257K, committed 16448K, reserved 1064960K
  class space    used 1901K, committed 1984K, reserved 1048576K
}
Event: 4.752 GC heap after
{Heap after GC invocations=3 (full 0):
 garbage-first heap   total 253952K, used 13002K [0x0000000708e00000, 0x0000000800000000)
  region size 2048K, 5 young (10240K), 5 survivors (10240K)
 Metaspace       used 16257K, committed 16448K, reserved 1064960K
  class space    used 1901K, committed 1984K, reserved 1048576K
}

